# JRE version: Java(TM) SE Runtime Environment (8.0_212-b10) (build 1.8.0_212-b10)
# Java VM: Java HotSpot(TM) 64-Bit Server VM (25.212-b10 mixed mode windows-amd64 compressed oops)
Heap:
 PSYoungGen      total 477696K, used 438320K [0x000000076b400000, 0x000000078f800000, 0x00000007c0000000)
  eden space 449536K, 93% used [0x000000076b400000,0x0000000784ca2080,0x0000000786b00000)
  from space 28160K, 70% used [0x0000000788800000,0x0000000789b69f88,0x000000078a380000)
  to   space 29696K, 28% used [0x0000000786b00000,0x000000078734e9e8,0x0000000788800000)
 ParOldGen       total 258048K, used 53415K [0x00000006c1c00000, 0x00000006d1800000, 0x000000076b400000)
  object space 258048K, 20% used [0x00000006c1c00000,0x00000006c5029c70,0x00000006d1800000)
 Metaspace       used 69595K, capacity 71123K, committed 71256K, reserved 1112064K
  class space    used 8436K, capacity 8764K, committed 8792K, reserved 1048576K
GC Heap History (10 events):
Event: 25.747 GC heap after
Heap after GC invocations=14 (full 3):
 PSYoungGen      total 404480K, used 0K [0x000000076b400000, 0x000000078ab80000, 0x00000007c0000000)
  eden space 373760K, 0% used [0x000000076b400000,0x000000076b400000,0x0000000782100000)
  from space 30720K, 0% used [0x0000000782100000,0x0000000782100000,0x0000000783f00000)
  to   space 29696K, 0% used [0x0000000788e80000,0x0000000788e80000,0x000000078ab80000)
 ParOldGen       total 258048K, used 54958K [0x00000006c1c00000, 0x00000006d1800000, 0x000000076b400000)
  object space 258048K, 21% used [0x00000006c1c00000,0x00000006c51aba78,0x00000006d1800000)
 Metaspace       used 57807K, capacity 58832K, committed 58968K, reserved 1099776K
  class space    used 7425K, capacity 7671K, committed 7768K, reserved 1048576K
}
Event: 86.172 GC heap before
{Heap before GC invocations=15 (full 3):
 PSYoungGen      total 404480K, used 373760K [0x000000076b400000, 0x000000078ab80000, 0x00000007c0000000)
  eden space 373760K, 100% used [0x000000076b400000,0x0000000782100000,0x0000000782100000)
  from space 30720K, 0% used [0x0000000782100000,0x0000000782100000,0x0000000783f00000)
  to   space 29696K, 0% used [0x0000000788e80000,0x0000000788e80000,0x000000078ab80000)
 ParOldGen       total 258048K, used 54958K [0x00000006c1c00000, 0x00000006d1800000, 0x000000076b400000)
  object space 258048K, 21% used [0x00000006c1c00000,0x00000006c51aba78,0x00000006d1800000)
 Metaspace       used 66444K, capacity 67849K, committed 68184K, reserved 1110016K
  class space    used 8201K, capacity 8433K, committed 8536K, reserved 1048576K
Event: 86.196 GC heap after
Heap after GC invocations=15 (full 3):
 PSYoungGen      total 473600K, used 14714K [0x000000076b400000, 0x000000078a480000, 0x00000007c0000000)
  eden space 451072K, 0% used [0x000000076b400000,0x000000076b400000,0x0000000786c80000)
  from space 22528K, 65% used [0x0000000788e80000,0x0000000789cdeb48,0x000000078a480000)
  to   space 28672K, 0% used [0x0000000786c80000,0x0000000786c80000,0x0000000788880000)
 ParOldGen       total 258048K, used 54966K [0x00000006c1c00000, 0x00000006d1800000, 0x000000076b400000)
  object space 258048K, 21% used [0x00000006c1c00000,0x00000006c51ada78,0x00000006d1800000)
 Metaspace       used 66444K, capacity 67849K, committed 68184K, reserved 1110016K
  class space    used 8201K, capacity 8433K, committed 8536K, reserved 1048576K
}
Event: 212.695 GC heap before
{Heap before GC invocations=16 (full 3):
 PSYoungGen      total 473600K, used 210907K [0x000000076b400000, 0x000000078a480000, 0x00000007c0000000)
  eden space 451072K, 43% used [0x000000076b400000,0x0000000777398430,0x0000000786c80000)
  from space 22528K, 65% used [0x0000000788e80000,0x0000000789cdeb48,0x000000078a480000)
  to   space 28672K, 0% used [0x0000000786c80000,0x0000000786c80000,0x0000000788880000)
 ParOldGen       total 258048K, used 54966K [0x00000006c1c00000, 0x00000006d1800000, 0x000000076b400000)
  object space 258048K, 21% used [0x00000006c1c00000,0x00000006c51ada78,0x00000006d1800000)
 Metaspace       used 66656K, capacity 68065K, committed 68184K, reserved 1110016K
  class space    used 8214K, capacity 8502K, committed 8536K, reserved 1048576K
Event: 212.708 GC heap after
Heap after GC invocations=16 (full 3):
 PSYoungGen      total 457216K, used 6019K [0x000000076b400000, 0x000000078a380000, 0x00000007c0000000)
  eden space 451072K, 0% used [0x000000076b400000,0x000000076b400000,0x0000000786c80000)
  from space 6144K, 97% used [0x0000000786c80000,0x0000000787260c00,0x0000000787280000)
  to   space 28160K, 0% used [0x0000000788800000,0x0000000788800000,0x000000078a380000)
 ParOldGen       total 258048K, used 54974K [0x00000006c1c00000, 0x00000006d1800000, 0x000000076b400000)
  object space 258048K, 21% used [0x00000006c1c00000,0x00000006c51afa78,0x00000006d1800000)
 Metaspace       used 66656K, capacity 68065K, committed 68184K, reserved 1110016K
  class space    used 8214K, capacity 8502K, committed 8536K, reserved 1048576K
}
Event: 212.708 GC heap before
{Heap before GC invocations=17 (full 4):
 PSYoungGen      total 457216K, used 6019K [0x000000076b400000, 0x000000078a380000, 0x00000007c0000000)
  eden space 451072K, 0% used [0x000000076b400000,0x000000076b400000,0x0000000786c80000)
  from space 6144K, 97% used [0x0000000786c80000,0x0000000787260c00,0x0000000787280000)
  to   space 28160K, 0% used [0x0000000788800000,0x0000000788800000,0x000000078a380000)
 ParOldGen       total 258048K, used 54974K [0x00000006c1c00000, 0x00000006d1800000, 0x000000076b400000)
  object space 258048K, 21% used [0x00000006c1c00000,0x00000006c51afa78,0x00000006d1800000)
 Metaspace       used 66656K, capacity 68065K, committed 68184K, reserved 1110016K
  class space    used 8214K, capacity 8502K, committed 8536K, reserved 1048576K
Event: 213.170 GC heap after
Heap after GC invocations=17 (full 4):
 PSYoungGen      total 457216K, used 0K [0x000000076b400000, 0x000000078a380000, 0x00000007c0000000)
  eden space 451072K, 0% used [0x000000076b400000,0x000000076b400000,0x0000000786c80000)
  from space 6144K, 0% used [0x0000000786c80000,0x0000000786c80000,0x0000000787280000)
  to   space 28160K, 0% used [0x0000000788800000,0x0000000788800000,0x000000078a380000)
 ParOldGen       total 258048K, used 53399K [0x00000006c1c00000, 0x00000006d1800000, 0x000000076b400000)
  object space 258048K, 20% used [0x00000006c1c00000,0x00000006c5025c70,0x00000006d1800000)
 Metaspace       used 66398K, capacity 67541K, committed 68184K, reserved 1110016K
  class space    used 8204K, capacity 8482K, committed 8536K, reserved 1048576K
}
Event: 218.583 GC heap before
{Heap before GC invocations=18 (full 4):
 PSYoungGen      total 457216K, used 451072K [0x000000076b400000, 0x000000078a380000, 0x00000007c0000000)
  eden space 451072K, 100% used [0x000000076b400000,0x0000000786c80000,0x0000000786c80000)
  from space 6144K, 0% used [0x0000000786c80000,0x0000000786c80000,0x0000000787280000)
  to   space 28160K, 0% used [0x0000000788800000,0x0000000788800000,0x000000078a380000)
 ParOldGen       total 258048K, used 53399K [0x00000006c1c00000, 0x00000006d1800000, 0x000000076b400000)
  object space 258048K, 20% used [0x00000006c1c00000,0x00000006c5025c70,0x00000006d1800000)
 Metaspace       used 67938K, capacity 69297K, committed 69464K, reserved 1110016K
  class space    used 8350K, capacity 8672K, committed 8792K, reserved 1048576K
Event: 218.604 GC heap after
Heap after GC invocations=18 (full 4):
 PSYoungGen      total 477696K, used 19879K [0x000000076b400000, 0x000000078f800000, 0x00000007c0000000)
  eden space 449536K, 0% used [0x000000076b400000,0x000000076b400000,0x0000000786b00000)
  from space 28160K, 70% used [0x0000000788800000,0x0000000789b69f88,0x000000078a380000)
  to   space 29696K, 0% used [0x0000000786b00000,0x0000000786b00000,0x0000000788800000)
 ParOldGen       total 258048K, used 53407K [0x00000006c1c00000, 0x00000006d1800000, 0x000000076b400000)
  object space 258048K, 20% used [0x00000006c1c00000,0x00000006c5027c70,0x00000006d1800000)
 Metaspace       used 67938K, capacity 69297K, committed 69464K, reserved 1110016K
  class space    used 8350K, capacity 8672K, committed 8792K, reserved 1048576K
}
Event: 309.878 GC heap before
{Heap before GC invocations=19 (full 4):
 PSYoungGen      total 477696K, used 438320K [0x000000076b400000, 0x000000078f800000, 0x00000007c0000000)
  eden space 449536K, 93% used [0x000000076b400000,0x0000000784ca2080,0x0000000786b00000)
  from space 28160K, 70% used [0x0000000788800000,0x0000000789b69f88,0x000000078a380000)
  to   space 29696K, 0% used [0x0000000786b00000,0x0000000786b00000,0x0000000788800000)
 ParOldGen       total 258048K, used 53407K [0x00000006c1c00000, 0x00000006d1800000, 0x000000076b400000)
  object space 258048K, 20% used [0x00000006c1c00000,0x00000006c5027c70,0x00000006d1800000)
 Metaspace       used 69595K, capacity 71123K, committed 71256K, reserved 1112064K
  class space    used 8436K, capacity 8764K, committed 8792K, reserved 1048576K

